<?xml version="1.0" encoding="UTF-8"?>
<!-- Generated by org.testng.reporters.JUnitXMLReporter -->
<testsuite ignored="1" hostname="DESKTOP-532K53F" failures="3" tests="8" name="main_test" time="0.047" errors="0" timestamp="2022-04-06T02:11:37 ICT">
  <testcase classname="demo71.TestClass" name="a1" time="0.002"/>
  <testcase classname="demo71.TestClass" name="a2" time="0.0">
    <failure type="org.testng.TestNGException" message="
Parameter &amp;apos;param&amp;apos; is required by @Test on method a2 but has not been marked @Optional or defined
in C:\Users\BUI_QUANG_HIEU\Downloads\Demo7\Demo7\Demo7\src\main\java\demo71\mainsuite.xml">
      <![CDATA[org.testng.TestNGException: 
Parameter 'param' is required by @Test on method a2 but has not been marked @Optional or defined
in C:\Users\BUI_QUANG_HIEU\Downloads\Demo7\Demo7\Demo7\src\main\java\demo71\mainsuite.xml
at java.base/java.util.ArrayList.forEach(ArrayList.java:1511)
... Removed 26 stack frames]]>
    </failure>
  </testcase> <!-- a2 -->
  <testcase classname="demo71.TestClass1" name="t1" time="0.003">
    <failure type="java.lang.AssertionError" message="expected [true] but found [false]">
      <![CDATA[java.lang.AssertionError: expected [true] but found [false]
at demo71.TestClass1.t1(TestClass1.java:10)
at java.base/java.util.ArrayList.forEach(ArrayList.java:1511)
... Removed 31 stack frames]]>
    </failure>
  </testcase> <!-- t1 -->
  <testcase classname="demo71.TestClass1" name="t2" time="0.002">
    <failure type="java.lang.AssertionError" message="expected [true] but found [false]">
      <![CDATA[java.lang.AssertionError: expected [true] but found [false]
at demo71.TestClass1.t2(TestClass1.java:15)
at java.base/java.util.ArrayList.forEach(ArrayList.java:1511)
... Removed 31 stack frames]]>
    </failure>
  </testcase> <!-- t2 -->
  <testcase classname="demo71.TestClass1" name="t3" time="0.002"/>
  <testcase classname="demo71.TestClass1" name="t4" time="0.002"/>
  <testcase classname="demo71.TestClass1" name="t5" time="0.002"/>
  <testcase classname="demo71.TestClass1" name="t5" time="0.001"/>
  <testcase classname="demo71.TestClass" name="a3" time="0.0">
    <ignored/>
  </testcase> <!-- a3 -->
</testsuite> <!-- main_test -->
