<?xml version="1.0" encoding="UTF-8"?>
<testng-results ignored="0" total="6" passed="5" failed="1" skipped="0">
  <reporter-output>
  </reporter-output>
  <suite started-at="2022-03-28T12:40:32 ICT" name="Suite" finished-at="2022-03-28T12:40:39 ICT" duration-ms="7384">
    <groups>
      <group name="LMS">
        <method signature="Lab5_1Test.timKiemLMSFpoly()[pri:0, instance:DemoTestNG.Lab5_1Test@1fa268de]" name="timKiemLMSFpoly" class="DemoTestNG.Lab5_1Test"/>
      </group> <!-- LMS -->
    </groups>
    <test started-at="2022-03-28T12:40:32 ICT" name="Test" finished-at="2022-03-28T12:40:39 ICT" duration-ms="7384">
      <class name="DemoTestNG.ParametersTest">
        <test-method signature="test(java.lang.String,java.lang.String)[pri:0, instance:DemoTestNG.ParametersTest@4f6ee6e4]" started-at="2022-03-28T12:40:36 ICT" name="test" finished-at="2022-03-28T12:40:39 ICT" duration-ms="3001" status="PASS">
          <params>
            <param index="0">
              <value>
                <![CDATA[Learning Management System | Hệ thống quản trị học tập | FPT Polytechnic Việt Nam]]>
              </value>
            </param>
            <param index="1">
              <value>
                <![CDATA[https://lms.poly.edu.vn/]]>
              </value>
            </param>
          </params>
          <reporter-output>
          </reporter-output>
        </test-method> <!-- test -->
      </class> <!-- DemoTestNG.ParametersTest -->
      <class name="DemoTestNG.Lab4Test">
        <test-method signature="getVatOnAmountTest()[pri:0, instance:DemoTestNG.Lab4Test@359f7cdf]" started-at="2022-03-28T12:40:32 ICT" name="getVatOnAmountTest" finished-at="2022-03-28T12:40:32 ICT" duration-ms="1" status="PASS">
          <reporter-output>
          </reporter-output>
        </test-method> <!-- getVatOnAmountTest -->
      </class> <!-- DemoTestNG.Lab4Test -->
      <class name="DemoTestNG.Lab5_1Test">
        <test-method signature="timKiemLMSFpoly()[pri:0, instance:DemoTestNG.Lab5_1Test@1fa268de]" started-at="2022-03-28T12:40:32 ICT" name="timKiemLMSFpoly" finished-at="2022-03-28T12:40:36 ICT" duration-ms="4331" status="PASS">
          <reporter-output>
          </reporter-output>
        </test-method> <!-- timKiemLMSFpoly -->
      </class> <!-- DemoTestNG.Lab5_1Test -->
      <class name="DemoTestNG.chuViTest">
        <test-method signature="tinhChuViTest()[pri:0, instance:DemoTestNG.chuViTest@5fdcaa40]" started-at="2022-03-28T12:40:32 ICT" name="tinhChuViTest" finished-at="2022-03-28T12:40:32 ICT" duration-ms="7" status="PASS">
          <reporter-output>
          </reporter-output>
        </test-method> <!-- tinhChuViTest -->
        <test-method signature="tinhChuViTest2()[pri:0, instance:DemoTestNG.chuViTest@5fdcaa40]" started-at="2022-03-28T12:40:32 ICT" name="tinhChuViTest2" finished-at="2022-03-28T12:40:32 ICT" duration-ms="0" status="PASS">
          <reporter-output>
          </reporter-output>
        </test-method> <!-- tinhChuViTest2 -->
        <test-method signature="tinhChuViTest3()[pri:0, instance:DemoTestNG.chuViTest@5fdcaa40]" started-at="2022-03-28T12:40:32 ICT" name="tinhChuViTest3" finished-at="2022-03-28T12:40:32 ICT" duration-ms="2" status="FAIL">
          <exception class="java.lang.AssertionError">
            <message>
              <![CDATA[expected [5] but found [10]]]>
            </message>
            <full-stacktrace>
              <![CDATA[java.lang.AssertionError: expected [5] but found [10]
at org.testng.Assert.fail(Assert.java:99)
at org.testng.Assert.failNotEquals(Assert.java:1037)
at org.testng.Assert.assertEqualsImpl(Assert.java:140)
at org.testng.Assert.assertEquals(Assert.java:122)
at org.testng.Assert.assertEquals(Assert.java:907)
at org.testng.Assert.assertEquals(Assert.java:917)
at DemoTestNG.chuViTest.tinhChuViTest3(chuViTest.java:26)
at java.base/jdk.internal.reflect.NativeMethodAccessorImpl.invoke0(Native Method)
at java.base/jdk.internal.reflect.NativeMethodAccessorImpl.invoke(NativeMethodAccessorImpl.java:77)
at java.base/jdk.internal.reflect.DelegatingMethodAccessorImpl.invoke(DelegatingMethodAccessorImpl.java:43)
at java.base/java.lang.reflect.Method.invoke(Method.java:568)
at org.testng.internal.MethodInvocationHelper.invokeMethod(MethodInvocationHelper.java:133)
at org.testng.internal.TestInvoker.invokeMethod(TestInvoker.java:598)
at org.testng.internal.TestInvoker.invokeTestMethod(TestInvoker.java:173)
at org.testng.internal.MethodRunner.runInSequence(MethodRunner.java:46)
at org.testng.internal.TestInvoker$MethodInvocationAgent.invoke(TestInvoker.java:824)
at org.testng.internal.TestInvoker.invokeTestMethods(TestInvoker.java:146)
at org.testng.internal.TestMethodWorker.invokeTestMethods(TestMethodWorker.java:146)
at org.testng.internal.TestMethodWorker.run(TestMethodWorker.java:128)
at java.base/java.util.ArrayList.forEach(ArrayList.java:1511)
at org.testng.TestRunner.privateRun(TestRunner.java:794)
at org.testng.TestRunner.run(TestRunner.java:596)
at org.testng.SuiteRunner.runTest(SuiteRunner.java:377)
at org.testng.SuiteRunner.runSequentially(SuiteRunner.java:371)
at org.testng.SuiteRunner.privateRun(SuiteRunner.java:332)
at org.testng.SuiteRunner.run(SuiteRunner.java:276)
at org.testng.SuiteRunnerWorker.runSuite(SuiteRunnerWorker.java:53)
at org.testng.SuiteRunnerWorker.run(SuiteRunnerWorker.java:96)
at org.testng.TestNG.runSuitesSequentially(TestNG.java:1212)
at org.testng.TestNG.runSuitesLocally(TestNG.java:1134)
at org.testng.TestNG.runSuites(TestNG.java:1063)
at org.testng.TestNG.run(TestNG.java:1031)
at org.testng.remote.AbstractRemoteTestNG.run(AbstractRemoteTestNG.java:115)
at org.testng.remote.RemoteTestNG.initAndRun(RemoteTestNG.java:251)
at org.testng.remote.RemoteTestNG.main(RemoteTestNG.java:77)
]]>
            </full-stacktrace>
          </exception> <!-- java.lang.AssertionError -->
          <reporter-output>
          </reporter-output>
        </test-method> <!-- tinhChuViTest3 -->
      </class> <!-- DemoTestNG.chuViTest -->
    </test> <!-- Test -->
  </suite> <!-- Suite -->
</testng-results>
