<!DOCTYPE html PUBLIC "-//W3C//DTD XHTML 1.1//EN" "https://www.w3.org/TR/xhtml11/DTD/xhtml11.dtd">
<html xmlns="https://www.w3.org/1999/xhtml">
<head>
<meta http-equiv="content-type" content="text/html; charset=UTF-8"/>
<title>TestNG Report</title>
<style type="text/css">table {margin-bottom:10px;border-collapse:collapse;empty-cells:show}th,td {border:1px solid #009;padding:.25em .5em}th {vertical-align:bottom}td {vertical-align:top}table a {font-weight:bold}.stripe td {background-color: #E6EBF9}.num {text-align:right}.passedodd td {background-color: #3F3}.passedeven td {background-color: #0A0}.skippedodd td {background-color: #DDD}.skippedeven td {background-color: #CCC}.failedodd td,.attn {background-color: #F33}.failedeven td,.stripe .attn {background-color: #D00}.stacktrace {white-space:pre;font-family:monospace}.totop {font-size:85%;text-align:center;border-bottom:2px solid #000}.invisible {display:none}</style>
</head>
<body>
<table>
<tr><th>Test</th><th># Passed</th><th># Skipped</th><th># Retried</th><th># Failed</th><th>Time (ms)</th><th>Included Groups</th><th>Excluded Groups</th></tr>
<tr><th colspan="8">main_suite</th></tr>
<tr><td><a href="#t0">main_test</a></td><td class="num">5</td><td class="num">0</td><td class="num">0</td><td class="num attn">3</td><td class="num">47</td><td></td><td></td></tr>
<tr><th colspan="8">suite2</th></tr>
<tr class="stripe"><td><a href="#t1">test2</a></td><td class="num">1</td><td class="num">0</td><td class="num">0</td><td class="num">0</td><td class="num">11</td><td></td><td></td></tr>
<tr><th colspan="8">suite1</th></tr>
<tr><td><a href="#t2">test1</a></td><td class="num">7</td><td class="num">0</td><td class="num">0</td><td class="num attn">3</td><td class="num">173</td><td></td><td></td></tr>
<tr class="stripe"><td><a href="#t3">test2</a></td><td class="num">3</td><td class="num">0</td><td class="num">0</td><td class="num attn">1</td><td class="num">31</td><td></td><td></td></tr>
<tr><th>Total</th><th class="num">16</th><th class="num">0</th><th class="num">0</th><th class="num attn">7</th><th class="num">262</th><th colspan="2"></th></tr>
</table>
<table id='summary'><thead><tr><th>Class</th><th>Method</th><th>Start</th><th>Time (ms)</th></tr></thead><tbody><tr><th colspan="4">main_suite</th></tr></tbody><tbody id="t0"><tr><th colspan="4">main_test &#8212; failed</th></tr><tr class="failedeven"><td rowspan="1">demo71.TestClass</td><td><a href="#m0">a2</a></td><td rowspan="1">1649185897075</td><td rowspan="1">0</td></tr><tr class="failedodd"><td rowspan="2">demo71.TestClass1</td><td><a href="#m1">t1</a></td><td rowspan="1">1649185897080</td><td rowspan="1">3</td></tr><tr class="failedodd"><td><a href="#m2">t2</a></td><td rowspan="1">1649185897088</td><td rowspan="1">2</td></tr><tr><th colspan="4">main_test &#8212; passed</th></tr><tr class="passedeven"><td rowspan="1">demo71.TestClass</td><td><a href="#m3">a1</a></td><td rowspan="1">1649185897068</td><td rowspan="1">2</td></tr><tr class="passedodd"><td rowspan="4">demo71.TestClass1</td><td><a href="#m4">t3</a></td><td rowspan="1">1649185897094</td><td rowspan="1">2</td></tr><tr class="passedodd"><td><a href="#m5">t4</a></td><td rowspan="1">1649185897098</td><td rowspan="1">2</td></tr><tr class="passedodd"><td><a href="#m6">t5</a></td><td rowspan="2">1649185897103</td><td rowspan="2">2</td></tr><tr class="passedodd"><td><a href="#m7">t5</a></td></tr></tbody>
<tbody><tr><th colspan="4">suite2</th></tr></tbody><tbody id="t1"><tr><th colspan="4">test2 &#8212; passed</th></tr><tr class="passedeven"><td rowspan="1">demo71.TestClass4</td><td><a href="#m8">e2</a></td><td rowspan="1">1649185897040</td><td rowspan="1">4</td></tr></tbody>
<tbody><tr><th colspan="4">suite1</th></tr></tbody><tbody id="t2"><tr><th colspan="4">test1 &#8212; failed</th></tr><tr class="failedeven"><td rowspan="2">demo71.TestClass1</td><td><a href="#m9">t1</a></td><td rowspan="1">1649185896687</td><td rowspan="1">24</td></tr><tr class="failedeven"><td><a href="#m10">t2</a></td><td rowspan="1">1649185896722</td><td rowspan="1">2</td></tr><tr class="failedodd"><td rowspan="1">demo71.TestClass2</td><td><a href="#m11">c4</a></td><td rowspan="1">1649185896770</td><td rowspan="1">2</td></tr><tr><th colspan="4">test1 &#8212; passed</th></tr><tr class="passedeven"><td rowspan="4">demo71.TestClass1</td><td><a href="#m12">t3</a></td><td rowspan="1">1649185896729</td><td rowspan="1">2</td></tr><tr class="passedeven"><td><a href="#m13">t4</a></td><td rowspan="1">1649185896733</td><td rowspan="1">2</td></tr><tr class="passedeven"><td><a href="#m14">t5</a></td><td rowspan="2">1649185896749</td><td rowspan="2">2</td></tr><tr class="passedeven"><td><a href="#m15">t5</a></td></tr><tr class="passedodd"><td rowspan="3">demo71.TestClass2</td><td><a href="#m16">c1</a></td><td rowspan="1">1649185896758</td><td rowspan="1">2</td></tr><tr class="passedodd"><td><a href="#m17">c2</a></td><td rowspan="1">1649185896762</td><td rowspan="1">3</td></tr><tr class="passedodd"><td><a href="#m18">c3</a></td><td rowspan="1">1649185896767</td><td rowspan="1">1</td></tr></tbody>
<tbody id="t3"><tr><th colspan="4">test2 &#8212; failed</th></tr><tr class="failedeven"><td rowspan="1">demo71.FactoryInstaniatedTestClass</td><td><a href="#m19">f</a></td><td rowspan="1">1649185896997</td><td rowspan="1">3</td></tr><tr><th colspan="4">test2 &#8212; passed</th></tr><tr class="passedeven"><td rowspan="1">demo71.FactoryInstaniatedTestClass</td><td><a href="#m20">f</a></td><td rowspan="1">1649185896990</td><td rowspan="1">3</td></tr><tr class="passedodd"><td rowspan="2">demo71.TestClass3</td><td><a href="#m21">d1</a></td><td rowspan="1">1649185896977</td><td rowspan="1">3</td></tr><tr class="passedodd"><td><a href="#m22">d2</a></td><td rowspan="1">1649185896983</td><td rowspan="1">3</td></tr></tbody>
</table>
<h2>main_test</h2><h3 id="m0">demo71.TestClass#a2</h3><table class="result"><tr><th>Exception</th></tr><tr><td><div class="stacktrace">org.testng.TestNGException: 
Parameter &apos;param&apos; is required by @Test on method a2 but has not been marked @Optional or defined
in C:\Users\BUI_QUANG_HIEU\Downloads\Demo7\Demo7\Demo7\src\main\java\demo71\mainsuite.xml
	at java.base/java.util.ArrayList.forEach(ArrayList.java:1511)
... Removed 26 stack frames</div></td></tr></table><p class="totop"><a href="#summary">back to summary</a></p>
<h3 id="m1">demo71.TestClass1#t1</h3><table class="result"><tr><th>Exception</th></tr><tr><td><div class="stacktrace">java.lang.AssertionError: expected [true] but found [false]
	at demo71.TestClass1.t1(TestClass1.java:10)
	at java.base/java.util.ArrayList.forEach(ArrayList.java:1511)
... Removed 31 stack frames</div></td></tr></table><p class="totop"><a href="#summary">back to summary</a></p>
<h3 id="m2">demo71.TestClass1#t2</h3><table class="result"><tr><th>Exception</th></tr><tr><td><div class="stacktrace">java.lang.AssertionError: expected [true] but found [false]
	at demo71.TestClass1.t2(TestClass1.java:15)
	at java.base/java.util.ArrayList.forEach(ArrayList.java:1511)
... Removed 31 stack frames</div></td></tr></table><p class="totop"><a href="#summary">back to summary</a></p>
<h3 id="m3">demo71.TestClass#a1</h3><table class="result"><tr><th class="invisible"/></tr></table><p class="totop"><a href="#summary">back to summary</a></p>
<h3 id="m4">demo71.TestClass1#t3</h3><table class="result"><tr><th class="invisible"/></tr></table><p class="totop"><a href="#summary">back to summary</a></p>
<h3 id="m5">demo71.TestClass1#t4</h3><table class="result"><tr><th class="invisible"/></tr></table><p class="totop"><a href="#summary">back to summary</a></p>
<h3 id="m6">demo71.TestClass1#t5</h3><table class="result"><tr class="param"><th>Parameter #1</th></tr><tr class="param stripe"><td>one</td></tr></table><p class="totop"><a href="#summary">back to summary</a></p>
<h3 id="m7">demo71.TestClass1#t5</h3><table class="result"><tr class="param"><th>Parameter #1</th></tr><tr class="param stripe"><td>two</td></tr></table><p class="totop"><a href="#summary">back to summary</a></p>
<h2>test2</h2><h3 id="m8">demo71.TestClass4#e2</h3><table class="result"><tr><th>Messages</th></tr><tr><td><div class="messages">Method name is e2</div></td></tr></table><p class="totop"><a href="#summary">back to summary</a></p>
<h2>test1</h2><h3 id="m9">demo71.TestClass1#t1</h3><table class="result"><tr><th>Exception</th></tr><tr><td><div class="stacktrace">java.lang.AssertionError: expected [true] but found [false]
	at demo71.TestClass1.t1(TestClass1.java:10)
	at java.base/java.util.ArrayList.forEach(ArrayList.java:1511)
... Removed 32 stack frames</div></td></tr></table><p class="totop"><a href="#summary">back to summary</a></p>
<h3 id="m10">demo71.TestClass1#t2</h3><table class="result"><tr><th>Exception</th></tr><tr><td><div class="stacktrace">java.lang.AssertionError: expected [true] but found [false]
	at demo71.TestClass1.t2(TestClass1.java:15)
	at java.base/java.util.ArrayList.forEach(ArrayList.java:1511)
... Removed 32 stack frames</div></td></tr></table><p class="totop"><a href="#summary">back to summary</a></p>
<h3 id="m11">demo71.TestClass2#c4</h3><table class="result"><tr><th>Exception</th></tr><tr><td><div class="stacktrace">java.lang.AssertionError: expected [true] but found [false]
	at demo71.TestClass2.c4(TestClass2.java:24)
	at java.base/java.util.ArrayList.forEach(ArrayList.java:1511)
... Removed 32 stack frames</div></td></tr></table><p class="totop"><a href="#summary">back to summary</a></p>
<h3 id="m12">demo71.TestClass1#t3</h3><table class="result"><tr><th class="invisible"/></tr></table><p class="totop"><a href="#summary">back to summary</a></p>
<h3 id="m13">demo71.TestClass1#t4</h3><table class="result"><tr><th class="invisible"/></tr></table><p class="totop"><a href="#summary">back to summary</a></p>
<h3 id="m14">demo71.TestClass1#t5</h3><table class="result"><tr class="param"><th>Parameter #1</th></tr><tr class="param stripe"><td>two</td></tr></table><p class="totop"><a href="#summary">back to summary</a></p>
<h3 id="m15">demo71.TestClass1#t5</h3><table class="result"><tr class="param"><th>Parameter #1</th></tr><tr class="param stripe"><td>one</td></tr></table><p class="totop"><a href="#summary">back to summary</a></p>
<h3 id="m16">demo71.TestClass2#c1</h3><table class="result"><tr><th class="invisible"/></tr></table><p class="totop"><a href="#summary">back to summary</a></p>
<h3 id="m17">demo71.TestClass2#c2</h3><table class="result"><tr><th class="invisible"/></tr></table><p class="totop"><a href="#summary">back to summary</a></p>
<h3 id="m18">demo71.TestClass2#c3</h3><table class="result"><tr><th class="invisible"/></tr></table><p class="totop"><a href="#summary">back to summary</a></p>
<h2>test2</h2><h3 id="m19">demo71.FactoryInstaniatedTestClass#f</h3><table class="result"><tr><th>Exception</th></tr><tr><td><div class="stacktrace">java.lang.AssertionError: expected [true] but found [false]
	at demo71.FactoryInstaniatedTestClass.f(FactoryInstaniatedTestClass.java:29)
	at java.base/java.util.ArrayList.forEach(ArrayList.java:1511)
... Removed 32 stack frames</div></td></tr></table><p class="totop"><a href="#summary">back to summary</a></p>
<h3 id="m20">demo71.FactoryInstaniatedTestClass#f</h3><table class="result"><tr><th class="invisible"/></tr></table><p class="totop"><a href="#summary">back to summary</a></p>
<h3 id="m21">demo71.TestClass3#d1</h3><table class="result"><tr><th class="invisible"/></tr></table><p class="totop"><a href="#summary">back to summary</a></p>
<h3 id="m22">demo71.TestClass3#d2</h3><table class="result"><tr><th class="invisible"/></tr></table><p class="totop"><a href="#summary">back to summary</a></p>
</body>
</html>
